13:28:10.930 [main] INFO  i.g.c.config.GatlingConfiguration$ - Gatling will try to load 'gatling.conf' config file as ClassLoader resource.
13:28:11.596 [GatlingSystem-akka.actor.default-dispatcher-4] INFO  akka.event.slf4j.Slf4jLogger - Slf4jLogger started
13:28:12.749 [GatlingSystem-akka.actor.default-dispatcher-5] INFO  i.g.c.stats.writer.ConsoleDataWriter - Initializing
13:28:12.749 [GatlingSystem-akka.actor.default-dispatcher-6] INFO  i.g.c.stats.writer.LogFileDataWriter - Initializing
13:28:12.764 [GatlingSystem-akka.actor.default-dispatcher-5] INFO  i.g.c.stats.writer.ConsoleDataWriter - Initialized
13:28:12.766 [GatlingSystem-akka.actor.default-dispatcher-6] INFO  i.g.c.stats.writer.LogFileDataWriter - Initialized
13:28:12.812 [GatlingSystem-akka.actor.default-dispatcher-7] INFO  i.g.core.controller.inject.Injector - Scenario create and delete article has finished injecting
13:28:12.812 [GatlingSystem-akka.actor.default-dispatcher-7] INFO  i.g.core.controller.inject.Injector - Injecting is done
13:28:13.785 [gatling-1-1] DEBUG com.intuit.karate.Suite - [config] classpath:karate-config.js
13:28:15.059 [GatlingSystem-akka.actor.default-dispatcher-7] INFO  com.intuit.karate - karate.env system property was: null 
13:28:15.069 [GatlingSystem-akka.actor.default-dispatcher-7] INFO  com.intuit.karate - >> lock acquired, begin callSingle: classpath:helper/CreateToken.feature
13:28:15.297 [GatlingSystem-akka.actor.default-dispatcher-7] DEBUG com.intuit.karate - request:
1 > POST https://api.realworld.io/api/users/login
1 > Content-Type: application/json; charset=UTF-8
1 > Content-Length: 64
1 > Host: api.realworld.io
1 > Connection: Keep-Alive
1 > User-Agent: Apache-HttpClient/4.5.13 (Java/11.0.18)
1 > Accept-Encoding: gzip,deflate
{"user":{"email":"karate8108@karate.com","password":"karate12"}}

13:28:16.291 [GatlingSystem-akka.actor.default-dispatcher-7] DEBUG com.intuit.karate - response time in milliseconds: 990
1 < 200
1 < Date: Thu, 25 May 2023 07:58:16 GMT
1 < Content-Type: application/json; charset=utf-8
1 < Transfer-Encoding: chunked
1 < Connection: keep-alive
1 < X-Powered-By: Express
1 < Access-Control-Allow-Origin: *
1 < Etag: W/"15f-2zph/fxrg8xWZuBT8RIT9D+zdM8"
1 < Via: 1.1 vegur
1 < CF-Cache-Status: DYNAMIC
1 < Report-To: {"endpoints":[{"url":"https:\/\/a.nel.cloudflare.com\/report\/v3?s=AVlvswBIm4t1U2t%2FfQtHd9EeLeAIhJL%2BCsRLNtgu%2FVqbifKR6hGq%2F%2B3GtidB2yo6DKHHH2t2yMRy35G%2BrgF%2FQgFy0EKAEGx%2B7YxhsyfifjvHiBnkU7s8JnE8%2B2pOoedU6OQA"}],"group":"cf-nel","max_age":604800}
1 < NEL: {"success_fraction":0,"report_to":"cf-nel","max_age":604800}
1 < Server: cloudflare
1 < CF-RAY: 7ccc3b755c9b3a3d-FRA
1 < alt-svc: h3=":443"; ma=86400, h3-29=":443"; ma=86400
{"user":{"email":"karate8108@karate.com","username":"karate8108","bio":null,"image":"https://api.realworld.io/images/smiley-cyrus.jpeg","token":"eyJhbGciOiJIUzI1NiIsInR5cCI6IkpXVCJ9.eyJlbWFpbCI6ImthcmF0ZTgxMDhAa2FyYXRlLmNvbSIsInVzZXJuYW1lIjoia2FyYXRlODEwOCIsImlhdCI6MTY4NTAwMTQ5NiwiZXhwIjoxNjkwMTg1NDk2fQ.fxewyRCgs6Dd6PVSIxw0i92eFhE41UsztBWBvK4GSeM"}}

13:28:16.303 [GatlingSystem-akka.actor.default-dispatcher-7] INFO  com.intuit.karate - << lock released, cached callSingle: classpath:helper/CreateToken.feature
13:28:16.730 [GatlingSystem-akka.actor.default-dispatcher-7] DEBUG com.intuit.karate - request:
1 > POST https://api.realworld.io/api/articles
1 > Authorization: Token eyJhbGciOiJIUzI1NiIsInR5cCI6IkpXVCJ9.eyJlbWFpbCI6ImthcmF0ZTgxMDhAa2FyYXRlLmNvbSIsInVzZXJuYW1lIjoia2FyYXRlODEwOCIsImlhdCI6MTY4NTAwMTQ5NiwiZXhwIjoxNjkwMTg1NDk2fQ.fxewyRCgs6Dd6PVSIxw0i92eFhE41UsztBWBvK4GSeM
1 > Content-Type: application/json; charset=UTF-8
1 > Content-Length: 161
1 > Host: api.realworld.io
1 > Connection: Keep-Alive
1 > User-Agent: Apache-HttpClient/4.5.13 (Java/11.0.18)
1 > Accept-Encoding: gzip,deflate
{"article":{"title":"renato.yost","description":"Bhorash","body":"... a mind needs books as a sword needs a whetstone, if it is to keep its edge.","tagList":[]}}

13:28:17.349 [GatlingSystem-akka.actor.default-dispatcher-7] DEBUG com.intuit.karate - response time in milliseconds: 616
1 < 200
1 < Date: Thu, 25 May 2023 07:58:17 GMT
1 < Content-Type: application/json; charset=utf-8
1 < Transfer-Encoding: chunked
1 < Connection: keep-alive
1 < X-Powered-By: Express
1 < Access-Control-Allow-Origin: *
1 < Etag: W/"1ac-pqjNtEjjKcsYr7bHFulKsuyRN2A"
1 < Via: 1.1 vegur
1 < CF-Cache-Status: DYNAMIC
1 < Report-To: {"endpoints":[{"url":"https:\/\/a.nel.cloudflare.com\/report\/v3?s=1LA9vIRqh9b3UvgMEjahSHdbTGWTX6wuristm5pol5pDwtpTvCLv8zxcN%2Fp7FBjWQK0Il0fx%2FnYwjAtuw8ZA8TU6%2FPICgKZryk%2Bhxetlask8W1FTaaV2%2FL8JVjNxUGfn4hRK"}],"group":"cf-nel","max_age":604800}
1 < NEL: {"success_fraction":0,"report_to":"cf-nel","max_age":604800}
1 < Server: cloudflare
1 < CF-RAY: 7ccc3b7cbcbf68f5-FRA
1 < alt-svc: h3=":443"; ma=86400, h3-29=":443"; ma=86400
{"article":{"slug":"renato.yost-179370","title":"renato.yost","description":"Bhorash","body":"... a mind needs books as a sword needs a whetstone, if it is to keep its edge.","tagList":[],"createdAt":"2023-05-25T07:58:17.223Z","updatedAt":"2023-05-25T07:58:17.223Z","favorited":false,"favoritesCount":0,"author":{"username":"karate8108","bio":null,"image":"https://api.realworld.io/images/smiley-cyrus.jpeg","following":false}}}

13:28:17.364 [GatlingSystem-akka.actor.default-dispatcher-7] DEBUG com.intuit.karate - request:
2 > DELETE https://api.realworld.io/api/articles/renato.yost-179370
2 > Authorization: Token eyJhbGciOiJIUzI1NiIsInR5cCI6IkpXVCJ9.eyJlbWFpbCI6ImthcmF0ZTgxMDhAa2FyYXRlLmNvbSIsInVzZXJuYW1lIjoia2FyYXRlODEwOCIsImlhdCI6MTY4NTAwMTQ5NiwiZXhwIjoxNjkwMTg1NDk2fQ.fxewyRCgs6Dd6PVSIxw0i92eFhE41UsztBWBvK4GSeM
2 > Host: api.realworld.io
2 > Connection: Keep-Alive
2 > User-Agent: Apache-HttpClient/4.5.13 (Java/11.0.18)
2 > Accept-Encoding: gzip,deflate


13:28:17.952 [GatlingSystem-akka.actor.default-dispatcher-7] DEBUG com.intuit.karate - response time in milliseconds: 585
2 < 204
2 < Date: Thu, 25 May 2023 07:58:17 GMT
2 < Content-Length: 0
2 < Connection: keep-alive
2 < X-Powered-By: Express
2 < Access-Control-Allow-Origin: *
2 < Etag: W/"a-bAsFyilMr4Ra1hIU5PyoyFRunpI"
2 < Via: 1.1 vegur
2 < CF-Cache-Status: DYNAMIC
2 < Report-To: {"endpoints":[{"url":"https:\/\/a.nel.cloudflare.com\/report\/v3?s=WBGH0bj6xqGUjEKGiWb8Yao0%2BTbwuiYb6ZoKe2SyENKkNXKIGB3wo09U1e7cckC5PEblkZhrBi4BVCS4%2BKa1SJoDPmTdxMEWjCxHADNo3jiXG9Trz5ZkffVhoWIrLc0fiKrK"}],"group":"cf-nel","max_age":604800}
2 < NEL: {"success_fraction":0,"report_to":"cf-nel","max_age":604800}
2 < Server: cloudflare
2 < CF-RAY: 7ccc3b807f0b30c9-FRA
2 < alt-svc: h3=":443"; ma=86400, h3-29=":443"; ma=86400


13:28:17.959 [GatlingSystem-akka.actor.default-dispatcher-7] INFO  i.g.core.controller.inject.Injector - All users of scenario create and delete article are stopped
13:28:17.960 [GatlingSystem-akka.actor.default-dispatcher-7] INFO  i.g.core.controller.inject.Injector - Stopping
13:28:17.962 [GatlingSystem-akka.actor.default-dispatcher-4] INFO  i.gatling.core.controller.Controller - Injector has stopped, initiating graceful stop
13:28:18.033 [GatlingSystem-akka.actor.default-dispatcher-5] INFO  akka.actor.CoordinatedShutdown - Running CoordinatedShutdown with reason [ActorSystemTerminateReason]
13:28:18.081 [main] INFO  i.gatling.charts.stats.LogFileReader - Collected List(C:\Users\hbodake\Documents\karate-udemy\udemyproject\target\gatling\perftest-20230525075812684\simulation.log) from perftest-20230525075812684
13:28:18.097 [main] INFO  i.gatling.charts.stats.LogFileReader - First pass
13:28:18.106 [main] INFO  i.gatling.charts.stats.LogFileReader - First pass done: read 6 lines
13:28:18.118 [main] INFO  i.gatling.charts.stats.LogFileReader - Second pass
13:28:18.146 [main] INFO  i.gatling.charts.stats.LogFileReader - Second pass: read 6 lines
